<?xml version="1.0" encoding="UTF-8"?>
<!-- Generated by org.testng.reporters.JUnitReportReporter -->
<testsuite hostname="DESKTOP-34DF31M" failures="0" tests="1" name="nagarjunvp.Maven_java.AppiumTest" time="0.012" errors="0" timestamp="2021-12-19T15:36:56 IST" skipped="0">
  <testcase classname="nagarjunvp.Maven_java.AppiumTest" name="ioSTest" time="0.012"/>
  <system-out/>
</testsuite> <!-- nagarjunvp.Maven_java.AppiumTest -->
