<?xml version="1.0" encoding="UTF-8"?>
<!-- Generated by org.testng.reporters.JUnitReportReporter -->
<testsuite hostname="DESKTOP-F5PFAUU" failures="0" tests="1" name="nagarjunvp.Maven_java.AppTest" time="0.002" errors="0" timestamp="2024-06-14T13:41:37 IST" skipped="0">
  <testcase classname="nagarjunvp.Maven_java.AppTest" name="shouldAnswerWithTrue" time="0.002"/>
  <system-out/>
</testsuite> <!-- nagarjunvp.Maven_java.AppTest -->
