<?xml version="1.0" encoding="UTF-8"?>
<!-- Generated by org.testng.reporters.JUnitReportReporter -->
<testsuite hostname="DESKTOP-F5PFAUU" failures="0" tests="2" name="nagarjunvp.Maven_java.RestAssuredTest" time="0.000" errors="0" timestamp="2024-06-14T13:41:37 IST" skipped="0">
  <testcase classname="nagarjunvp.Maven_java.RestAssuredTest" name="postJira" time="0.000"/>
  <system-out/>
  <testcase classname="nagarjunvp.Maven_java.RestAssuredTest" name="DeleteTweet" time="0.000"/>
  <system-out/>
</testsuite> <!-- nagarjunvp.Maven_java.RestAssuredTest -->
