<?xml version="1.0" encoding="UTF-8"?>
<!-- Generated by org.testng.reporters.JUnitReportReporter -->
<testsuite hostname="DESKTOP-F5PFAUU" failures="0" tests="2" name="nagarjunvp.Maven_java.AppiumTest" time="0.006" errors="0" timestamp="2024-06-14T13:41:37 IST" skipped="0">
  <testcase classname="nagarjunvp.Maven_java.AppiumTest" name="ioSTest" time="0.000"/>
  <system-out/>
  <testcase classname="nagarjunvp.Maven_java.AppiumTest" name="AndroidTest" time="0.006"/>
  <system-out/>
</testsuite> <!-- nagarjunvp.Maven_java.AppiumTest -->
